<?xml version="1.0" encoding="UTF-8"?>
<testng-results skipped="0" failed="0" ignored="0" total="1" passed="1">
  <reporter-output>
  </reporter-output>
  <suite name="Default suite" duration-ms="19512" started-at="2020-07-31T05:13:13Z" finished-at="2020-07-31T05:13:33Z">
    <groups>
      <group name="cucumber">
        <method signature="AbstractTestNGCucumberTests.feature(cucumber.api.testng.CucumberFeatureWrapper)[pri:0, instance:com.kayak.testrunner.TestRunner@69ea3742]" name="feature" class="cucumber.api.testng.AbstractTestNGCucumberTests"/>
      </group> <!-- cucumber -->
    </groups>
    <test name="Default test" duration-ms="19512" started-at="2020-07-31T05:13:13Z" finished-at="2020-07-31T05:13:33Z">
      <class name="com.kayak.testrunner.TestRunner">
        <test-method status="PASS" signature="setUpClass()[pri:0, instance:com.kayak.testrunner.TestRunner@69ea3742]" name="setUpClass" is-config="true" duration-ms="259" started-at="2020-07-30T23:13:13Z" finished-at="2020-07-30T23:13:14Z">
          <reporter-output>
          </reporter-output>
        </test-method> <!-- setUpClass -->
        <test-method status="PASS" signature="feature(cucumber.api.testng.CucumberFeatureWrapper)[pri:0, instance:com.kayak.testrunner.TestRunner@69ea3742]" name="feature" duration-ms="19139" started-at="2020-07-30T23:13:14Z" description="Runs Cucumber Feature" data-provider="features" finished-at="2020-07-30T23:13:33Z">
          <params>
            <param index="0">
              <value>
                <![CDATA[Search for Flights At Kayak]]>
              </value>
            </param>
          </params>
          <reporter-output>
          </reporter-output>
        </test-method> <!-- feature -->
        <test-method status="PASS" signature="tearDownClass()[pri:0, instance:com.kayak.testrunner.TestRunner@69ea3742]" name="tearDownClass" is-config="true" duration-ms="4" started-at="2020-07-30T23:13:33Z" finished-at="2020-07-30T23:13:33Z">
          <reporter-output>
          </reporter-output>
        </test-method> <!-- tearDownClass -->
      </class> <!-- com.kayak.testrunner.TestRunner -->
    </test> <!-- Default test -->
  </suite> <!-- Default suite -->
</testng-results>
